Arguments: 
  C:\Program Files\nodejs\node.exe C:\Users\Daniel\AppData\Roaming\npm\node_modules\yarn\bin\yarn.js install

PATH: 
  C:\Users\Daniel\bin;C:\Program Files\Git\mingw64\bin;C:\Program Files\Git\usr\local\bin;C:\Program Files\Git\usr\bin;C:\Program Files\Git\usr\bin;C:\Program Files\Git\mingw64\bin;C:\Program Files\Git\usr\bin;C:\Users\Daniel\bin;C:\Python38\Scripts;C:\Python38;C:\WINDOWS\system32;C:\WINDOWS;C:\WINDOWS\System32\Wbem;C:\WINDOWS\System32\WindowsPowerShell\v1.0;C:\Program Files\Git\cmd;C:\WINDOWS\System32\OpenSSH;C:\Program Files\MongoD\Server\4.2\bin;C:\Program Files (x86)\Intel\Intel(R) Management Engine Components\DAL;C:\Program Files\Intel\Intel(R) Management Engine Components\DAL;C:\Program Files\nodejs;C:\ProgramData\chocolatey\bin;C:\Program Files (x86)\Elm\0.19\bin;C:\Users\Daniel\AppData\Local\Microsoft\WindowsApps;C:\Users\Daniel\AppData\Local\Programs\Microsoft VS Code\bin;C:\Users\Daniel\AppData\Local\GitHubDesktop\bin;C:\Program Files\heroku\bin;C:\Users\Daniel\AppData\Local\Microsoft\WindowsApps;C:\Program Files\MongoDB\Server\4.2\bin;C:\Users\Daniel\AppData\Roaming\npm;C:\Users\Daniel\.deno\bin;C:\Program Files\Git\usr\bin\vendor_perl;C:\Program Files\Git\usr\bin\core_perl

Yarn version: 
  1.22.4

Node version: 
  12.16.2

Platform: 
  win32 x64

Trace: 
  SyntaxError: C:\Users\Daniel\desktop\MERN\gem-study-tool\package.json: Unexpected string in JSON at position 211
      at JSON.parse (<anonymous>)
      at C:\Users\Daniel\AppData\Roaming\npm\node_modules\yarn\lib\cli.js:1625:59
      at Generator.next (<anonymous>)
      at step (C:\Users\Daniel\AppData\Roaming\npm\node_modules\yarn\lib\cli.js:310:30)
      at C:\Users\Daniel\AppData\Roaming\npm\node_modules\yarn\lib\cli.js:321:13

npm manifest: 
  {
    "name": "gem-study-tool",
    "version": "1.0.0",
    "description": "A studying tool designed to help people find information on precious stones",
    "main": "index.js",
    "engines":{
      "node":"12.16.2"
    }
    "scripts": {
      "build": "babel src --out-dir dist",
      "format": "prettier --write \"src/**/*.js\"",
      "start": "node dist/server.js",
      "server": "npm run build && nodemon dist/server.js",
      "client": "npm start --prefix client",
      "dev": "concurrently \"npm run server\" \"npm run client\"",
      "heroku-postbuild": "cd client && npm install && npm run build"
  
    },
    "repository": {
      "type": "git",
      "url": "git+https://github.com/timegated/gem-study-tool.git"
    },
    "keywords": [],
    "author": "",
    "license": "ISC",
    "bugs": {
      "url": "https://github.com/timegated/gem-study-tool/issues"
    },
    "homepage": "https://github.com/timegated/gem-study-tool#readme",
    "dependencies": {
      "axios": "^0.19.2",
      "body-parser": "^1.19.0",
      "cheerio": "^1.0.0-rc.3",
      "config": "^3.3.1",
      "cors": "^2.8.5",
      "dotenv": "^8.2.0",
      "express": "^4.17.1",
      "lodash": "^4.17.19",
      "mongoose": "^5.9.25",
      "morgan": "^1.10.0",
      "puppeteer": "^5.2.0",
      "request": "^2.88.2",
      "requestretry": "^4.1.1"
    },
    "devDependencies": {
      "@babel/cli": "^7.10.4",
      "@babel/core": "^7.10.4",
      "@babel/plugin-proposal-class-properties": "^7.10.4",
      "@babel/plugin-proposal-object-rest-spread": "^7.10.4",
      "@babel/preset-env": "^7.10.4",
      "babel-core": "^6.26.3",
      "babel-eslint": "^10.1.0",
      "babel-jest": "^26.1.0",
      "concurrently": "^5.2.0",
      "eslint": "^7.4.0",
      "eslint-config-prettier": "^6.11.0",
      "eslint-config-standard": "^14.1.1",
      "eslint-friendly-formatter": "^4.0.1",
      "eslint-loader": "^4.0.2",
      "eslint-plugin-import": "^2.22.0",
      "eslint-plugin-jest": "^23.18.0",
      "eslint-plugin-node": "^11.1.0",
      "eslint-plugin-prettier": "^3.1.4",
      "eslint-plugin-promise": "^4.2.1",
      "eslint-plugin-standard": "^4.0.1",
      "nodemon": "^2.0.4",
      "prettier": "2.0.5",
      "rimraf": "^3.0.2"
    }
  }

yarn manifest: 
  No manifest

Lockfile: 
  No lockfile
